[2023-08-31T17:27:13.204] [ERROR] error - {
  body: Error { code: 502, data: null, message: '登录失效' },
  reqBody: {
    method: 'POST',
    query: [Object: null prototype] {},
    url: '/home/post',
    querystring: '',
    host: 'localhost:5001',
    params: undefined,
    body: undefined
  }
}
[2023-08-31T17:27:22.036] [ERROR] error - {
  body: Error { code: 502, data: null, message: '登录失效' },
  reqBody: {
    method: 'POST',
    query: [Object: null prototype] {},
    url: '/login',
    querystring: '',
    host: 'localhost:5001',
    params: undefined,
    body: { username: '张三', password: 'Aa1234..' }
  }
}
[2023-08-31T17:27:24.322] [ERROR] error - {
  body: Error { code: 502, data: null, message: '登录失效' },
  reqBody: {
    method: 'POST',
    query: [Object: null prototype] {},
    url: '/login',
    querystring: '',
    host: 'localhost:5001',
    params: undefined,
    body: { username: '张三', password: 'Aa1234..' }
  }
}
[2023-08-31T17:28:02.050] [ERROR] error - {
  body: Error { code: 502, data: null, message: '登录失效' },
  reqBody: {
    method: 'POST',
    query: [Object: null prototype] {},
    url: '/login',
    querystring: '',
    host: 'localhost:5001',
    params: undefined,
    body: { username: '张三', password: 'Aa1234..' }
  }
}
[2023-08-31T17:28:26.695] [ERROR] error - {
  body: Error { code: 502, data: null, message: '登录失效' },
  reqBody: {
    method: 'POST',
    query: [Object: null prototype] {},
    url: '/login',
    querystring: '',
    host: 'localhost:5001',
    params: undefined,
    body: { username: '张三', password: 'Aa1234..' }
  }
}
[2023-08-31T17:31:36.589] [ERROR] error - {
  body: Error { code: 502, data: null, message: '登录失效' },
  reqBody: {
    method: 'POST',
    query: [Object: null prototype] {},
    url: '/login',
    querystring: '',
    host: 'localhost:5001',
    params: undefined,
    body: { username: '张三', password: 'Aa1234..' }
  }
}
[2023-08-31T17:32:29.748] [ERROR] error - {
  body: Error { code: 502, data: null, message: '登录失效' },
  reqBody: {
    method: 'POST',
    query: [Object: null prototype] {},
    url: '/login',
    querystring: '',
    host: 'localhost:5001',
    params: undefined,
    body: { username: '张三', password: 'Aa1234..' }
  }
}
[2023-08-31T17:37:06.027] [ERROR] error - {
  body: Error { code: 502, data: null, message: '登录失效' },
  reqBody: {
    method: 'POST',
    query: [Object: null prototype] {},
    url: '/home/post',
    querystring: '',
    host: 'localhost:5001',
    params: undefined,
    body: undefined
  }
}
[2023-08-31T17:37:06.987] [ERROR] error - {
  body: Error { code: 502, data: null, message: '登录失效' },
  reqBody: {
    method: 'POST',
    query: [Object: null prototype] {},
    url: '/home/post',
    querystring: '',
    host: 'localhost:5001',
    params: undefined,
    body: undefined
  }
}
[2023-08-31T17:37:07.653] [ERROR] error - {
  body: Error { code: 502, data: null, message: '登录失效' },
  reqBody: {
    method: 'POST',
    query: [Object: null prototype] {},
    url: '/home/post',
    querystring: '',
    host: 'localhost:5001',
    params: undefined,
    body: undefined
  }
}
[2023-08-31T17:37:13.240] [ERROR] error - {
  body: Error { code: 502, data: null, message: '登录失效' },
  reqBody: {
    method: 'POST',
    query: [Object: null prototype] {},
    url: '/home/post',
    querystring: '',
    host: 'localhost:5001',
    params: undefined,
    body: undefined
  }
}
[2023-08-31T17:37:17.862] [ERROR] error - {
  body: Error { code: 502, data: null, message: '登录失效' },
  reqBody: {
    method: 'POST',
    query: [Object: null prototype] {},
    url: '/home/post',
    querystring: '',
    host: 'localhost:5001',
    params: undefined,
    body: undefined
  }
}
